#-----------------------------------------------------------
# Vivado v2018.2 (64-bit)
# SW Build 2258646 on Thu Jun 14 20:03:12 MDT 2018
# IP Build 2256618 on Thu Jun 14 22:10:49 MDT 2018
# Start of session at: Fri May 10 14:12:36 2024
# Process ID: 5096
# Current directory: C:/Users/Leah.Cook/OneDrive - afacademy.af.edu/Documents/Spring 2024/281/ece281-lab5/basic_cpu
# Command line: vivado.exe -gui_launcher_event rodinguilauncherevent4016 C:\Users\Leah.Cook\OneDrive - afacademy.af.edu\Documents\Spring 2024\281\ece281-lab5\basic_cpu\basic_cpu.xpr
# Log file: C:/Users/Leah.Cook/OneDrive - afacademy.af.edu/Documents/Spring 2024/281/ece281-lab5/basic_cpu/vivado.log
# Journal file: C:/Users/Leah.Cook/OneDrive - afacademy.af.edu/Documents/Spring 2024/281/ece281-lab5/basic_cpu\vivado.jou
#-----------------------------------------------------------
start_gui
open_project {C:/Users/Leah.Cook/OneDrive - afacademy.af.edu/Documents/Spring 2024/281/ece281-lab5/basic_cpu/basic_cpu.xpr}
INFO: [ProjectBase 1-489] The host OS only allows 260 characters in a normal path. The project is stored in a path with more than 80 characters. If you experience issues with IP, Block Designs, or files not being found, please consider moving the project to a location with a shorter path. Alternately consider using the OS subst command to map part of the path to a drive letter.
Current project path is 'C:/Users/Leah.Cook/OneDrive - afacademy.af.edu/Documents/Spring 2024/281/ece281-lab5/basic_cpu'
Scanning sources...
Finished scanning sources
WARNING: [filemgmt 56-3] IPUserFilesDir: Could not find the directory 'C:/Users/Leah.Cook/OneDrive - afacademy.af.edu/Documents/Spring 2024/281/ece281-lab5/basic_cpu/basic_cpu.ip_user_files'.
INFO: [IP_Flow 19-234] Refreshing IP repositories
INFO: [IP_Flow 19-1704] No user IP repositories specified
INFO: [IP_Flow 19-2313] Loaded Vivado IP repository 'C:/Xilinx/Vivado/2018.2/data/ip'.
open_project: Time (s): cpu = 00:00:19 ; elapsed = 00:00:11 . Memory (MB): peak = 801.535 ; gain = 74.230
update_compile_order -fileset sources_1
exit
INFO: [Common 17-206] Exiting Vivado at Fri May 10 14:15:34 2024...
